<?xml version="1.0" encoding="UTF-8"?>
<!-- Generated by org.testng.reporters.JUnitXMLReporter -->
<testsuite ignored="0" hostname="SHADOW" failures="0" tests="4" name="Default test" time="13.087" errors="0" timestamp="2023-09-23T13:22:38 IST">
  <testcase classname="api.test.UserTests" name="testPostUser" time="5.111"/>
  <testcase classname="api.test.UserTests" name="testGetUserByName" time="1.614"/>
  <testcase classname="api.test.UserTests" name="testUpdateUserByName" time="3.42"/>
  <testcase classname="api.test.UserTests" name="testDeleteUserByName" time="1.543"/>
</testsuite> <!-- Default test -->
