<?xml version="1.0" encoding="UTF-8"?>
<testng-results ignored="0" total="4" passed="4" failed="0" skipped="0">
  <reporter-output>
  </reporter-output>
  <suite started-at="2023-09-23T13:22:25 IST" name="Default suite" finished-at="2023-09-23T13:22:38 IST" duration-ms="13087">
    <groups>
    </groups>
    <test started-at="2023-09-23T13:22:25 IST" name="Default test" finished-at="2023-09-23T13:22:38 IST" duration-ms="13087">
      <class name="api.test.UserTests">
        <test-method is-config="true" signature="setup()[pri:0, instance:api.test.UserTests@537f60bf]" started-at="2023-09-23T13:22:25 IST" name="setup" finished-at="2023-09-23T13:22:26 IST" duration-ms="1314" status="PASS">
          <reporter-output>
          </reporter-output>
        </test-method> <!-- setup -->
        <test-method signature="testPostUser()[pri:1, instance:api.test.UserTests@537f60bf]" started-at="2023-09-23T13:22:26 IST" name="testPostUser" finished-at="2023-09-23T13:22:31 IST" duration-ms="5111" status="PASS">
          <reporter-output>
          </reporter-output>
        </test-method> <!-- testPostUser -->
        <test-method signature="testGetUserByName()[pri:2, instance:api.test.UserTests@537f60bf]" started-at="2023-09-23T13:22:31 IST" name="testGetUserByName" finished-at="2023-09-23T13:22:33 IST" duration-ms="1614" status="PASS">
          <reporter-output>
          </reporter-output>
        </test-method> <!-- testGetUserByName -->
        <test-method signature="testUpdateUserByName()[pri:3, instance:api.test.UserTests@537f60bf]" started-at="2023-09-23T13:22:33 IST" name="testUpdateUserByName" finished-at="2023-09-23T13:22:36 IST" duration-ms="3420" status="PASS">
          <reporter-output>
          </reporter-output>
        </test-method> <!-- testUpdateUserByName -->
        <test-method signature="testDeleteUserByName()[pri:4, instance:api.test.UserTests@537f60bf]" started-at="2023-09-23T13:22:36 IST" name="testDeleteUserByName" finished-at="2023-09-23T13:22:38 IST" duration-ms="1543" status="PASS">
          <reporter-output>
          </reporter-output>
        </test-method> <!-- testDeleteUserByName -->
      </class> <!-- api.test.UserTests -->
    </test> <!-- Default test -->
  </suite> <!-- Default suite -->
</testng-results>
